  Player.cpp
  Generating code
  2 of 75 functions ( 2.7%) were compiled, the rest were copied from previous compilation.
    0 functions were new in current compilation
    1 functions had inline decision re-evaluated but remain unchanged
  Finished generating code
raylib.lib(raudio.obj) : warning LNK4099: PDB 'raylib.pdb' was not found with 'raylib.lib(raudio.obj)' or at 'F:\Facultad\Programacion I\Asteroids\Asteroids\Release\raylib.pdb'; linking object as if no debug info
raylib.lib(rcore.obj) : warning LNK4099: PDB 'raylib.pdb' was not found with 'raylib.lib(rcore.obj)' or at 'F:\Facultad\Programacion I\Asteroids\Asteroids\Release\raylib.pdb'; linking object as if no debug info
raylib.lib(rglfw.obj) : warning LNK4099: PDB 'raylib.pdb' was not found with 'raylib.lib(rglfw.obj)' or at 'F:\Facultad\Programacion I\Asteroids\Asteroids\Release\raylib.pdb'; linking object as if no debug info
raylib.lib(rshapes.obj) : warning LNK4099: PDB 'raylib.pdb' was not found with 'raylib.lib(rshapes.obj)' or at 'F:\Facultad\Programacion I\Asteroids\Asteroids\Release\raylib.pdb'; linking object as if no debug info
raylib.lib(rtext.obj) : warning LNK4099: PDB '' was not found with 'raylib.lib(rtext.obj)' or at ''; linking object as if no debug info
raylib.lib(rtextures.obj) : warning LNK4099: PDB 'raylib.pdb' was not found with 'raylib.lib(rtextures.obj)' or at 'F:\Facultad\Programacion I\Asteroids\Asteroids\Release\raylib.pdb'; linking object as if no debug info
raylib.lib(utils.obj) : warning LNK4099: PDB 'raylib.pdb' was not found with 'raylib.lib(utils.obj)' or at 'F:\Facultad\Programacion I\Asteroids\Asteroids\Release\raylib.pdb'; linking object as if no debug info
  Asteroids.vcxproj -> F:\Facultad\Programacion I\Asteroids\Asteroids\Release\Asteroids.exe
  F:\Facultad\Programacion I\Asteroids\Asteroids\Assets\Fonts\04B_30__.TTF
  F:\Facultad\Programacion I\Asteroids\Asteroids\Assets\Fonts\PixelifySans-SemiBold.ttf
  F:\Facultad\Programacion I\Asteroids\Asteroids\Assets\Images\asteroidExplosion.png
  F:\Facultad\Programacion I\Asteroids\Asteroids\Assets\Images\background.png
  F:\Facultad\Programacion I\Asteroids\Asteroids\Assets\Images\bigAsteroid.png
  F:\Facultad\Programacion I\Asteroids\Asteroids\Assets\Images\bullet.png
  F:\Facultad\Programacion I\Asteroids\Asteroids\Assets\Images\halfAsteroid.png
  F:\Facultad\Programacion I\Asteroids\Asteroids\Assets\Images\playerExplosion.png
  F:\Facultad\Programacion I\Asteroids\Asteroids\Assets\Images\powerUp.png
  F:\Facultad\Programacion I\Asteroids\Asteroids\Assets\Images\quarterAsteroid.png
  F:\Facultad\Programacion I\Asteroids\Asteroids\Assets\Images\ship.png
  F:\Facultad\Programacion I\Asteroids\Asteroids\Assets\Images\Menu\backBtn.png
  F:\Facultad\Programacion I\Asteroids\Asteroids\Assets\Images\Menu\backBtnAct.png
  F:\Facultad\Programacion I\Asteroids\Asteroids\Assets\Images\Menu\background.png
  F:\Facultad\Programacion I\Asteroids\Asteroids\Assets\Images\Menu\bigWindow.png
  F:\Facultad\Programacion I\Asteroids\Asteroids\Assets\Images\Menu\exitBtn.png
  F:\Facultad\Programacion I\Asteroids\Asteroids\Assets\Images\Menu\exitBtnAct.png
  F:\Facultad\Programacion I\Asteroids\Asteroids\Assets\Images\Menu\largeContainer.png
  F:\Facultad\Programacion I\Asteroids\Asteroids\Assets\Images\Menu\mediumContainer.png
  F:\Facultad\Programacion I\Asteroids\Asteroids\Assets\Images\Menu\menuBtn.png
  F:\Facultad\Programacion I\Asteroids\Asteroids\Assets\Images\Menu\menuBtnAct.png
  F:\Facultad\Programacion I\Asteroids\Asteroids\Assets\Images\Menu\pauseBtn.png
  F:\Facultad\Programacion I\Asteroids\Asteroids\Assets\Images\Menu\pauseBtnAct.png
  F:\Facultad\Programacion I\Asteroids\Asteroids\Assets\Images\Menu\smallContainer.png
  F:\Facultad\Programacion I\Asteroids\Asteroids\Assets\Images\Menu\smallWindow.png
  F:\Facultad\Programacion I\Asteroids\Asteroids\Assets\Sounds\click.wav
  F:\Facultad\Programacion I\Asteroids\Asteroids\Assets\Sounds\clickPressed.wav
  F:\Facultad\Programacion I\Asteroids\Asteroids\Assets\Sounds\crash.wav
  F:\Facultad\Programacion I\Asteroids\Asteroids\Assets\Sounds\gameLoop.wav
  F:\Facultad\Programacion I\Asteroids\Asteroids\Assets\Sounds\menu.wav
  F:\Facultad\Programacion I\Asteroids\Asteroids\Assets\Sounds\shoot.wav
  F:\Facultad\Programacion I\Asteroids\Asteroids\Assets\Sounds\thousand.wav
  32 File(s) copied
